Analysis & Synthesis report for pipeline_computer
Mon Jun 21 23:25:52 2021
Quartus II 64-Bit Version 13.1.0 Build 162 10/23/2013 SJ Web Edition


---------------------
; Table of Contents ;
---------------------
  1. Legal Notice
  2. Analysis & Synthesis Summary
  3. Analysis & Synthesis Settings
  4. Parallel Compilation
  5. Analysis & Synthesis Source Files Read
  6. Analysis & Synthesis Resource Usage Summary
  7. Analysis & Synthesis Resource Utilization by Entity
  8. Analysis & Synthesis RAM Summary
  9. Analysis & Synthesis IP Cores Summary
 10. Registers Removed During Synthesis
 11. General Register Statistics
 12. Inverted Register Statistics
 13. Multiplexer Restructuring Statistics (Restructuring Performed)
 14. Source assignments for pipeline_computer:inst|pipeif:if_stage|lpm_rom_irom:irom|altsyncram:altsyncram_component|altsyncram_l0j1:auto_generated
 15. Source assignments for pipeline_computer:inst|pipemem:mem_stage|lpm_ram_dq_dram:dram|altsyncram:altsyncram_component|altsyncram_59m1:auto_generated
 16. Parameter Settings for User Entity Instance: pipeline_computer:inst|pipeif:if_stage|lpm_rom_irom:irom|altsyncram:altsyncram_component
 17. Parameter Settings for User Entity Instance: pipeline_computer:inst|pipemem:mem_stage|lpm_ram_dq_dram:dram|altsyncram:altsyncram_component
 18. Parameter Settings for Inferred Entity Instance: pipeline_computer:inst|pipemem:mem_stage|io_mem:io|twodigits:hex_two|lpm_divide:Div0
 19. altsyncram Parameter Settings by Entity Instance
 20. Port Connectivity Checks: "pipeline_computer:inst|pipeexe:exe_stage|alu:al_unit"
 21. Port Connectivity Checks: "pipeline_computer:inst|pipeexe:exe_stage|mux2x32:e_alu_a"
 22. Elapsed Time Per Partition
 23. Analysis & Synthesis Messages



----------------
; Legal Notice ;
----------------
Copyright (C) 1991-2013 Altera Corporation
Your use of Altera Corporation's design tools, logic functions 
and other software and tools, and its AMPP partner logic 
functions, and any output files from any of the foregoing 
(including device programming or simulation files), and any 
associated documentation or information are expressly subject 
to the terms and conditions of the Altera Program License 
Subscription Agreement, Altera MegaCore Function License 
Agreement, or other applicable license agreement, including, 
without limitation, that your use is for the sole purpose of 
programming logic devices manufactured by Altera and sold by 
Altera or its authorized distributors.  Please refer to the 
applicable agreement for further details.



+------------------------------------------------------------------------------+
; Analysis & Synthesis Summary                                                 ;
+---------------------------------+--------------------------------------------+
; Analysis & Synthesis Status     ; Successful - Mon Jun 21 23:25:52 2021      ;
; Quartus II 64-Bit Version       ; 13.1.0 Build 162 10/23/2013 SJ Web Edition ;
; Revision Name                   ; pipeline_computer                          ;
; Top-level Entity Name           ; pp_computer                                ;
; Family                          ; Cyclone V                                  ;
; Logic utilization (in ALMs)     ; N/A                                        ;
; Total registers                 ; 1422                                       ;
; Total pins                      ; 64                                         ;
; Total virtual pins              ; 0                                          ;
; Total block memory bits         ; 3,072                                      ;
; Total DSP Blocks                ; 0                                          ;
; Total HSSI RX PCSs              ; 0                                          ;
; Total HSSI PMA RX Deserializers ; 0                                          ;
; Total HSSI TX PCSs              ; 0                                          ;
; Total HSSI TX Channels          ; 0                                          ;
; Total PLLs                      ; 0                                          ;
; Total DLLs                      ; 0                                          ;
+---------------------------------+--------------------------------------------+


+---------------------------------------------------------------------------------------------------------------------------+
; Analysis & Synthesis Settings                                                                                             ;
+---------------------------------------------------------------------------------+--------------------+--------------------+
; Option                                                                          ; Setting            ; Default Value      ;
+---------------------------------------------------------------------------------+--------------------+--------------------+
; Device                                                                          ; 5CSEMA5F31C6       ;                    ;
; Top-level entity name                                                           ; pp_computer        ; pipeline_computer  ;
; Family name                                                                     ; Cyclone V          ; Cyclone IV GX      ;
; Use smart compilation                                                           ; Off                ; Off                ;
; Enable parallel Assembler and TimeQuest Timing Analyzer during compilation      ; On                 ; On                 ;
; Enable compact report table                                                     ; Off                ; Off                ;
; Restructure Multiplexers                                                        ; Auto               ; Auto               ;
; MLAB Add Timing Constraints For Mixed-Port Feed-Through Mode Setting Don't Care ; Off                ; Off                ;
; Create Debugging Nodes for IP Cores                                             ; Off                ; Off                ;
; Preserve fewer node names                                                       ; On                 ; On                 ;
; Disable OpenCore Plus hardware evaluation                                       ; Off                ; Off                ;
; Verilog Version                                                                 ; Verilog_2001       ; Verilog_2001       ;
; VHDL Version                                                                    ; VHDL_1993          ; VHDL_1993          ;
; State Machine Processing                                                        ; Auto               ; Auto               ;
; Safe State Machine                                                              ; Off                ; Off                ;
; Extract Verilog State Machines                                                  ; On                 ; On                 ;
; Extract VHDL State Machines                                                     ; On                 ; On                 ;
; Ignore Verilog initial constructs                                               ; Off                ; Off                ;
; Iteration limit for constant Verilog loops                                      ; 5000               ; 5000               ;
; Iteration limit for non-constant Verilog loops                                  ; 250                ; 250                ;
; Add Pass-Through Logic to Inferred RAMs                                         ; On                 ; On                 ;
; Infer RAMs from Raw Logic                                                       ; On                 ; On                 ;
; Parallel Synthesis                                                              ; On                 ; On                 ;
; DSP Block Balancing                                                             ; Auto               ; Auto               ;
; NOT Gate Push-Back                                                              ; On                 ; On                 ;
; Power-Up Don't Care                                                             ; On                 ; On                 ;
; Remove Redundant Logic Cells                                                    ; Off                ; Off                ;
; Remove Duplicate Registers                                                      ; On                 ; On                 ;
; Ignore CARRY Buffers                                                            ; Off                ; Off                ;
; Ignore CASCADE Buffers                                                          ; Off                ; Off                ;
; Ignore GLOBAL Buffers                                                           ; Off                ; Off                ;
; Ignore ROW GLOBAL Buffers                                                       ; Off                ; Off                ;
; Ignore LCELL Buffers                                                            ; Off                ; Off                ;
; Ignore SOFT Buffers                                                             ; On                 ; On                 ;
; Limit AHDL Integers to 32 Bits                                                  ; Off                ; Off                ;
; Optimization Technique                                                          ; Balanced           ; Balanced           ;
; Carry Chain Length                                                              ; 70                 ; 70                 ;
; Auto Carry Chains                                                               ; On                 ; On                 ;
; Auto Open-Drain Pins                                                            ; On                 ; On                 ;
; Perform WYSIWYG Primitive Resynthesis                                           ; Off                ; Off                ;
; Auto ROM Replacement                                                            ; On                 ; On                 ;
; Auto RAM Replacement                                                            ; On                 ; On                 ;
; Auto DSP Block Replacement                                                      ; On                 ; On                 ;
; Auto Shift Register Replacement                                                 ; Auto               ; Auto               ;
; Allow Shift Register Merging across Hierarchies                                 ; Auto               ; Auto               ;
; Auto Clock Enable Replacement                                                   ; On                 ; On                 ;
; Strict RAM Replacement                                                          ; Off                ; Off                ;
; Allow Synchronous Control Signals                                               ; On                 ; On                 ;
; Force Use of Synchronous Clear Signals                                          ; Off                ; Off                ;
; Auto Resource Sharing                                                           ; Off                ; Off                ;
; Allow Any RAM Size For Recognition                                              ; Off                ; Off                ;
; Allow Any ROM Size For Recognition                                              ; Off                ; Off                ;
; Allow Any Shift Register Size For Recognition                                   ; Off                ; Off                ;
; Use LogicLock Constraints during Resource Balancing                             ; On                 ; On                 ;
; Ignore translate_off and synthesis_off directives                               ; Off                ; Off                ;
; Timing-Driven Synthesis                                                         ; On                 ; On                 ;
; Report Parameter Settings                                                       ; On                 ; On                 ;
; Report Source Assignments                                                       ; On                 ; On                 ;
; Report Connectivity Checks                                                      ; On                 ; On                 ;
; Ignore Maximum Fan-Out Assignments                                              ; Off                ; Off                ;
; Synchronization Register Chain Length                                           ; 3                  ; 3                  ;
; PowerPlay Power Optimization                                                    ; Normal compilation ; Normal compilation ;
; HDL message level                                                               ; Level2             ; Level2             ;
; Suppress Register Optimization Related Messages                                 ; Off                ; Off                ;
; Number of Removed Registers Reported in Synthesis Report                        ; 5000               ; 5000               ;
; Number of Swept Nodes Reported in Synthesis Report                              ; 5000               ; 5000               ;
; Number of Inverted Registers Reported in Synthesis Report                       ; 100                ; 100                ;
; Clock MUX Protection                                                            ; On                 ; On                 ;
; Auto Gated Clock Conversion                                                     ; Off                ; Off                ;
; Block Design Naming                                                             ; Auto               ; Auto               ;
; SDC constraint protection                                                       ; Off                ; Off                ;
; Synthesis Effort                                                                ; Auto               ; Auto               ;
; Shift Register Replacement - Allow Asynchronous Clear Signal                    ; On                 ; On                 ;
; Pre-Mapping Resynthesis Optimization                                            ; Off                ; Off                ;
; Analysis & Synthesis Message Level                                              ; Medium             ; Medium             ;
; Disable Register Merging Across Hierarchies                                     ; Auto               ; Auto               ;
; Resource Aware Inference For Block RAM                                          ; On                 ; On                 ;
; Synthesis Seed                                                                  ; 1                  ; 1                  ;
; Automatic Parallel Synthesis                                                    ; On                 ; On                 ;
+---------------------------------------------------------------------------------+--------------------+--------------------+


+------------------------------------------+
; Parallel Compilation                     ;
+----------------------------+-------------+
; Processors                 ; Number      ;
+----------------------------+-------------+
; Number detected on machine ; 8           ;
; Maximum allowed            ; 4           ;
;                            ;             ;
; Average used               ; 1.00        ;
; Maximum used               ; 4           ;
;                            ;             ;
; Usage by Processor         ; % Time Used ;
;     Processor 1            ; 100.0%      ;
;     Processors 2-4         ; < 0.1%      ;
;     Processors 5-8         ;   0.0%      ;
+----------------------------+-------------+


+----------------------------------------------------------------------------------------------------------------------------------------------------------------------------------------------------+
; Analysis & Synthesis Source Files Read                                                                                                                                                             ;
+----------------------------------+-----------------+----------------------------------------+--------------------------------------------------------------------------------------------+---------+
; File Name with User-Entered Path ; Used in Netlist ; File Type                              ; File Name with Absolute Path                                                               ; Library ;
+----------------------------------+-----------------+----------------------------------------+--------------------------------------------------------------------------------------------+---------+
; pipeline_computer.v              ; yes             ; User Verilog HDL File                  ; C:/Users/97537/STUDY/Digital_Component_Design/pipeline_computer/pipeline_computer.v        ;         ;
; pipepc.v                         ; yes             ; User Verilog HDL File                  ; C:/Users/97537/STUDY/Digital_Component_Design/pipeline_computer/pipepc.v                   ;         ;
; pipeif.v                         ; yes             ; User Verilog HDL File                  ; C:/Users/97537/STUDY/Digital_Component_Design/pipeline_computer/pipeif.v                   ;         ;
; mux4x32.v                        ; yes             ; User Verilog HDL File                  ; C:/Users/97537/STUDY/Digital_Component_Design/pipeline_computer/mux4x32.v                  ;         ;
; mux2x32.v                        ; yes             ; User Verilog HDL File                  ; C:/Users/97537/STUDY/Digital_Component_Design/pipeline_computer/mux2x32.v                  ;         ;
; lpm_rom_irom.v                   ; yes             ; User Wizard-Generated File             ; C:/Users/97537/STUDY/Digital_Component_Design/pipeline_computer/lpm_rom_irom.v             ;         ;
; lpm_ram_dq_dram.v                ; yes             ; User Wizard-Generated File             ; C:/Users/97537/STUDY/Digital_Component_Design/pipeline_computer/lpm_ram_dq_dram.v          ;         ;
; pipeir.v                         ; yes             ; User Verilog HDL File                  ; C:/Users/97537/STUDY/Digital_Component_Design/pipeline_computer/pipeir.v                   ;         ;
; dffe32.v                         ; yes             ; User Verilog HDL File                  ; C:/Users/97537/STUDY/Digital_Component_Design/pipeline_computer/dffe32.v                   ;         ;
; pipeid.v                         ; yes             ; User Verilog HDL File                  ; C:/Users/97537/STUDY/Digital_Component_Design/pipeline_computer/pipeid.v                   ;         ;
; sc_cu.v                          ; yes             ; User Verilog HDL File                  ; C:/Users/97537/STUDY/Digital_Component_Design/pipeline_computer/sc_cu.v                    ;         ;
; pipedereg.v                      ; yes             ; User Verilog HDL File                  ; C:/Users/97537/STUDY/Digital_Component_Design/pipeline_computer/pipedereg.v                ;         ;
; pipeexe.v                        ; yes             ; User Verilog HDL File                  ; C:/Users/97537/STUDY/Digital_Component_Design/pipeline_computer/pipeexe.v                  ;         ;
; alu.v                            ; yes             ; User Verilog HDL File                  ; C:/Users/97537/STUDY/Digital_Component_Design/pipeline_computer/alu.v                      ;         ;
; pipeemreg.v                      ; yes             ; User Verilog HDL File                  ; C:/Users/97537/STUDY/Digital_Component_Design/pipeline_computer/pipeemreg.v                ;         ;
; pipemem.v                        ; yes             ; User Verilog HDL File                  ; C:/Users/97537/STUDY/Digital_Component_Design/pipeline_computer/pipemem.v                  ;         ;
; io_mem.v                         ; yes             ; User Verilog HDL File                  ; C:/Users/97537/STUDY/Digital_Component_Design/pipeline_computer/io_mem.v                   ;         ;
; pipemwreg.v                      ; yes             ; User Verilog HDL File                  ; C:/Users/97537/STUDY/Digital_Component_Design/pipeline_computer/pipemwreg.v                ;         ;
; regfile.v                        ; yes             ; User Verilog HDL File                  ; C:/Users/97537/STUDY/Digital_Component_Design/pipeline_computer/regfile.v                  ;         ;
; sevenseg.v                       ; yes             ; User Verilog HDL File                  ; C:/Users/97537/STUDY/Digital_Component_Design/pipeline_computer/sevenseg.v                 ;         ;
; twodigits.v                      ; yes             ; User Verilog HDL File                  ; C:/Users/97537/STUDY/Digital_Component_Design/pipeline_computer/twodigits.v                ;         ;
; mux2x5.v                         ; yes             ; User Verilog HDL File                  ; C:/Users/97537/STUDY/Digital_Component_Design/pipeline_computer/mux2x5.v                   ;         ;
; clock_and_mem_clock.v            ; yes             ; User Verilog HDL File                  ; C:/Users/97537/STUDY/Digital_Component_Design/pipeline_computer/clock_and_mem_clock.v      ;         ;
; pp_computer.bdf                  ; yes             ; User Block Diagram/Schematic File      ; C:/Users/97537/STUDY/Digital_Component_Design/pipeline_computer/pp_computer.bdf            ;         ;
; dffe32_pc.v                      ; yes             ; User Verilog HDL File                  ; C:/Users/97537/STUDY/Digital_Component_Design/pipeline_computer/dffe32_pc.v                ;         ;
; altsyncram.tdf                   ; yes             ; Megafunction                           ; c:/altera/13.1/quartus/libraries/megafunctions/altsyncram.tdf                              ;         ;
; stratix_ram_block.inc            ; yes             ; Megafunction                           ; c:/altera/13.1/quartus/libraries/megafunctions/stratix_ram_block.inc                       ;         ;
; lpm_mux.inc                      ; yes             ; Megafunction                           ; c:/altera/13.1/quartus/libraries/megafunctions/lpm_mux.inc                                 ;         ;
; lpm_decode.inc                   ; yes             ; Megafunction                           ; c:/altera/13.1/quartus/libraries/megafunctions/lpm_decode.inc                              ;         ;
; aglobal131.inc                   ; yes             ; Megafunction                           ; c:/altera/13.1/quartus/libraries/megafunctions/aglobal131.inc                              ;         ;
; a_rdenreg.inc                    ; yes             ; Megafunction                           ; c:/altera/13.1/quartus/libraries/megafunctions/a_rdenreg.inc                               ;         ;
; altrom.inc                       ; yes             ; Megafunction                           ; c:/altera/13.1/quartus/libraries/megafunctions/altrom.inc                                  ;         ;
; altram.inc                       ; yes             ; Megafunction                           ; c:/altera/13.1/quartus/libraries/megafunctions/altram.inc                                  ;         ;
; altdpram.inc                     ; yes             ; Megafunction                           ; c:/altera/13.1/quartus/libraries/megafunctions/altdpram.inc                                ;         ;
; db/altsyncram_l0j1.tdf           ; yes             ; Auto-Generated Megafunction            ; C:/Users/97537/STUDY/Digital_Component_Design/pipeline_computer/db/altsyncram_l0j1.tdf     ;         ;
; source/sc_code_test.mif          ; yes             ; Auto-Found Memory Initialization File  ; C:/Users/97537/STUDY/Digital_Component_Design/pipeline_computer/source/sc_code_test.mif    ;         ;
; db/altsyncram_59m1.tdf           ; yes             ; Auto-Generated Megafunction            ; C:/Users/97537/STUDY/Digital_Component_Design/pipeline_computer/db/altsyncram_59m1.tdf     ;         ;
; source/sc_datamem.mif            ; yes             ; Auto-Found Memory Initialization File  ; C:/Users/97537/STUDY/Digital_Component_Design/pipeline_computer/source/sc_datamem.mif      ;         ;
; lpm_divide.tdf                   ; yes             ; Megafunction                           ; c:/altera/13.1/quartus/libraries/megafunctions/lpm_divide.tdf                              ;         ;
; abs_divider.inc                  ; yes             ; Megafunction                           ; c:/altera/13.1/quartus/libraries/megafunctions/abs_divider.inc                             ;         ;
; sign_div_unsign.inc              ; yes             ; Megafunction                           ; c:/altera/13.1/quartus/libraries/megafunctions/sign_div_unsign.inc                         ;         ;
; db/lpm_divide_4am.tdf            ; yes             ; Auto-Generated Megafunction            ; C:/Users/97537/STUDY/Digital_Component_Design/pipeline_computer/db/lpm_divide_4am.tdf      ;         ;
; db/sign_div_unsign_akh.tdf       ; yes             ; Auto-Generated Megafunction            ; C:/Users/97537/STUDY/Digital_Component_Design/pipeline_computer/db/sign_div_unsign_akh.tdf ;         ;
; db/alt_u_div_qse.tdf             ; yes             ; Auto-Generated Megafunction            ; C:/Users/97537/STUDY/Digital_Component_Design/pipeline_computer/db/alt_u_div_qse.tdf       ;         ;
+----------------------------------+-----------------+----------------------------------------+--------------------------------------------------------------------------------------------+---------+


+-----------------------------------------------------------------------------------+
; Analysis & Synthesis Resource Usage Summary                                       ;
+---------------------------------------------+-------------------------------------+
; Resource                                    ; Usage                               ;
+---------------------------------------------+-------------------------------------+
; Estimate of Logic utilization (ALMs needed) ; 2042                                ;
;                                             ;                                     ;
; Combinational ALUT usage for logic          ; 2918                                ;
;     -- 7 input functions                    ; 13                                  ;
;     -- 6 input functions                    ; 1001                                ;
;     -- 5 input functions                    ; 338                                 ;
;     -- 4 input functions                    ; 707                                 ;
;     -- <=3 input functions                  ; 859                                 ;
;                                             ;                                     ;
; Dedicated logic registers                   ; 1422                                ;
;                                             ;                                     ;
; I/O pins                                    ; 64                                  ;
; Total MLAB memory bits                      ; 0                                   ;
; Total block memory bits                     ; 3072                                ;
; Total DSP Blocks                            ; 0                                   ;
; Maximum fan-out node                        ; clock_and_mem_clock:inst1|clock_out ;
; Maximum fan-out                             ; 1366                                ;
; Total fan-out                               ; 19317                               ;
; Average fan-out                             ; 4.26                                ;
+---------------------------------------------+-------------------------------------+


+-------------------------------------------------------------------------------------------------------------------------------------------------------------------------------------------------------------------------------------------------------------------------------------------------------------------------------------------------+
; Analysis & Synthesis Resource Utilization by Entity                                                                                                                                                                                                                                                                                             ;
+----------------------------------------------------+-------------------+--------------+-------------------+------------+------+--------------+-----------------------------------------------------------------------------------------------------------------------------------------------------------------------------------+--------------+
; Compilation Hierarchy Node                         ; LC Combinationals ; LC Registers ; Block Memory Bits ; DSP Blocks ; Pins ; Virtual Pins ; Full Hierarchy Name                                                                                                                                                               ; Library Name ;
+----------------------------------------------------+-------------------+--------------+-------------------+------------+------+--------------+-----------------------------------------------------------------------------------------------------------------------------------------------------------------------------------+--------------+
; |pp_computer                                       ; 2918 (0)          ; 1422 (0)     ; 3072              ; 0          ; 64   ; 0            ; |pp_computer                                                                                                                                                                      ; work         ;
;    |clock_and_mem_clock:inst1|                     ; 1 (1)             ; 1 (1)        ; 0                 ; 0          ; 0    ; 0            ; |pp_computer|clock_and_mem_clock:inst1                                                                                                                                            ; work         ;
;    |pipeline_computer:inst|                        ; 2917 (0)          ; 1421 (0)     ; 3072              ; 0          ; 0    ; 0            ; |pp_computer|pipeline_computer:inst                                                                                                                                               ; work         ;
;       |mux2x32:wb_stage|                           ; 32 (32)           ; 0 (0)        ; 0                 ; 0          ; 0    ; 0            ; |pp_computer|pipeline_computer:inst|mux2x32:wb_stage                                                                                                                              ; work         ;
;       |pipedereg:de_reg|                           ; 0 (0)             ; 128 (128)    ; 0                 ; 0          ; 0    ; 0            ; |pp_computer|pipeline_computer:inst|pipedereg:de_reg                                                                                                                              ; work         ;
;       |pipeemreg:em_reg|                           ; 0 (0)             ; 72 (72)      ; 0                 ; 0          ; 0    ; 0            ; |pp_computer|pipeline_computer:inst|pipeemreg:em_reg                                                                                                                              ; work         ;
;       |pipeexe:exe_stage|                          ; 1584 (35)         ; 0 (0)        ; 0                 ; 0          ; 0    ; 0            ; |pp_computer|pipeline_computer:inst|pipeexe:exe_stage                                                                                                                             ; work         ;
;          |alu:al_unit|                             ; 1207 (1207)       ; 0 (0)        ; 0                 ; 0          ; 0    ; 0            ; |pp_computer|pipeline_computer:inst|pipeexe:exe_stage|alu:al_unit                                                                                                                 ; work         ;
;          |mux2x32:e_alu_a|                         ; 31 (31)           ; 0 (0)        ; 0                 ; 0          ; 0    ; 0            ; |pp_computer|pipeline_computer:inst|pipeexe:exe_stage|mux2x32:e_alu_a                                                                                                             ; work         ;
;          |mux2x32:e_alu_b|                         ; 32 (32)           ; 0 (0)        ; 0                 ; 0          ; 0    ; 0            ; |pp_computer|pipeline_computer:inst|pipeexe:exe_stage|mux2x32:e_alu_b                                                                                                             ; work         ;
;          |mux2x32:e_choose_epc|                    ; 279 (279)         ; 0 (0)        ; 0                 ; 0          ; 0    ; 0            ; |pp_computer|pipeline_computer:inst|pipeexe:exe_stage|mux2x32:e_choose_epc                                                                                                        ; work         ;
;       |pipeid:id_stage|                            ; 1072 (87)         ; 992 (0)      ; 0                 ; 0          ; 0    ; 0            ; |pp_computer|pipeline_computer:inst|pipeid:id_stage                                                                                                                               ; work         ;
;          |mux2x5:rd_rt|                            ; 5 (5)             ; 0 (0)        ; 0                 ; 0          ; 0    ; 0            ; |pp_computer|pipeline_computer:inst|pipeid:id_stage|mux2x5:rd_rt                                                                                                                  ; work         ;
;          |mux4x32:alu_a|                           ; 448 (448)         ; 0 (0)        ; 0                 ; 0          ; 0    ; 0            ; |pp_computer|pipeline_computer:inst|pipeid:id_stage|mux4x32:alu_a                                                                                                                 ; work         ;
;          |mux4x32:alu_b|                           ; 443 (443)         ; 0 (0)        ; 0                 ; 0          ; 0    ; 0            ; |pp_computer|pipeline_computer:inst|pipeid:id_stage|mux4x32:alu_b                                                                                                                 ; work         ;
;          |regfile:regf|                            ; 33 (33)           ; 992 (992)    ; 0                 ; 0          ; 0    ; 0            ; |pp_computer|pipeline_computer:inst|pipeid:id_stage|regfile:regf                                                                                                                  ; work         ;
;          |sc_cu:cu|                                ; 56 (56)           ; 0 (0)        ; 0                 ; 0          ; 0    ; 0            ; |pp_computer|pipeline_computer:inst|pipeid:id_stage|sc_cu:cu                                                                                                                      ; work         ;
;       |pipeif:if_stage|                            ; 62 (30)           ; 0 (0)        ; 2048              ; 0          ; 0    ; 0            ; |pp_computer|pipeline_computer:inst|pipeif:if_stage                                                                                                                               ; work         ;
;          |lpm_rom_irom:irom|                       ; 0 (0)             ; 0 (0)        ; 2048              ; 0          ; 0    ; 0            ; |pp_computer|pipeline_computer:inst|pipeif:if_stage|lpm_rom_irom:irom                                                                                                             ; work         ;
;             |altsyncram:altsyncram_component|      ; 0 (0)             ; 0 (0)        ; 2048              ; 0          ; 0    ; 0            ; |pp_computer|pipeline_computer:inst|pipeif:if_stage|lpm_rom_irom:irom|altsyncram:altsyncram_component                                                                             ; work         ;
;                |altsyncram_l0j1:auto_generated|    ; 0 (0)             ; 0 (0)        ; 2048              ; 0          ; 0    ; 0            ; |pp_computer|pipeline_computer:inst|pipeif:if_stage|lpm_rom_irom:irom|altsyncram:altsyncram_component|altsyncram_l0j1:auto_generated                                              ; work         ;
;          |mux4x32:selectnewpc|                     ; 32 (32)           ; 0 (0)        ; 0                 ; 0          ; 0    ; 0            ; |pp_computer|pipeline_computer:inst|pipeif:if_stage|mux4x32:selectnewpc                                                                                                           ; work         ;
;       |pipeir:inst_reg|                            ; 0 (0)             ; 64 (0)       ; 0                 ; 0          ; 0    ; 0            ; |pp_computer|pipeline_computer:inst|pipeir:inst_reg                                                                                                                               ; work         ;
;          |dffe32:instruction|                      ; 0 (0)             ; 32 (32)      ; 0                 ; 0          ; 0    ; 0            ; |pp_computer|pipeline_computer:inst|pipeir:inst_reg|dffe32:instruction                                                                                                            ; work         ;
;          |dffe32:pc_plus4|                         ; 0 (0)             ; 32 (32)      ; 0                 ; 0          ; 0    ; 0            ; |pp_computer|pipeline_computer:inst|pipeir:inst_reg|dffe32:pc_plus4                                                                                                               ; work         ;
;       |pipemem:mem_stage|                          ; 160 (1)           ; 62 (0)       ; 1024              ; 0          ; 0    ; 0            ; |pp_computer|pipeline_computer:inst|pipemem:mem_stage                                                                                                                             ; work         ;
;          |io_mem:io|                               ; 127 (65)          ; 62 (62)      ; 0                 ; 0          ; 0    ; 0            ; |pp_computer|pipeline_computer:inst|pipemem:mem_stage|io_mem:io                                                                                                                   ; work         ;
;             |sevenseg:led0|                        ; 7 (7)             ; 0 (0)        ; 0                 ; 0          ; 0    ; 0            ; |pp_computer|pipeline_computer:inst|pipemem:mem_stage|io_mem:io|sevenseg:led0                                                                                                     ; work         ;
;             |twodigits:hex_two|                    ; 55 (3)            ; 0 (0)        ; 0                 ; 0          ; 0    ; 0            ; |pp_computer|pipeline_computer:inst|pipemem:mem_stage|io_mem:io|twodigits:hex_two                                                                                                 ; work         ;
;                |lpm_divide:Div0|                   ; 38 (0)            ; 0 (0)        ; 0                 ; 0          ; 0    ; 0            ; |pp_computer|pipeline_computer:inst|pipemem:mem_stage|io_mem:io|twodigits:hex_two|lpm_divide:Div0                                                                                 ; work         ;
;                   |lpm_divide_4am:auto_generated|  ; 38 (0)            ; 0 (0)        ; 0                 ; 0          ; 0    ; 0            ; |pp_computer|pipeline_computer:inst|pipemem:mem_stage|io_mem:io|twodigits:hex_two|lpm_divide:Div0|lpm_divide_4am:auto_generated                                                   ; work         ;
;                      |sign_div_unsign_akh:divider| ; 38 (0)            ; 0 (0)        ; 0                 ; 0          ; 0    ; 0            ; |pp_computer|pipeline_computer:inst|pipemem:mem_stage|io_mem:io|twodigits:hex_two|lpm_divide:Div0|lpm_divide_4am:auto_generated|sign_div_unsign_akh:divider                       ; work         ;
;                         |alt_u_div_qse:divider|    ; 38 (38)           ; 0 (0)        ; 0                 ; 0          ; 0    ; 0            ; |pp_computer|pipeline_computer:inst|pipemem:mem_stage|io_mem:io|twodigits:hex_two|lpm_divide:Div0|lpm_divide_4am:auto_generated|sign_div_unsign_akh:divider|alt_u_div_qse:divider ; work         ;
;                |sevenseg:led0|                     ; 7 (7)             ; 0 (0)        ; 0                 ; 0          ; 0    ; 0            ; |pp_computer|pipeline_computer:inst|pipemem:mem_stage|io_mem:io|twodigits:hex_two|sevenseg:led0                                                                                   ; work         ;
;                |sevenseg:led1|                     ; 7 (7)             ; 0 (0)        ; 0                 ; 0          ; 0    ; 0            ; |pp_computer|pipeline_computer:inst|pipemem:mem_stage|io_mem:io|twodigits:hex_two|sevenseg:led1                                                                                   ; work         ;
;          |lpm_ram_dq_dram:dram|                    ; 0 (0)             ; 0 (0)        ; 1024              ; 0          ; 0    ; 0            ; |pp_computer|pipeline_computer:inst|pipemem:mem_stage|lpm_ram_dq_dram:dram                                                                                                        ; work         ;
;             |altsyncram:altsyncram_component|      ; 0 (0)             ; 0 (0)        ; 1024              ; 0          ; 0    ; 0            ; |pp_computer|pipeline_computer:inst|pipemem:mem_stage|lpm_ram_dq_dram:dram|altsyncram:altsyncram_component                                                                        ; work         ;
;                |altsyncram_59m1:auto_generated|    ; 0 (0)             ; 0 (0)        ; 1024              ; 0          ; 0    ; 0            ; |pp_computer|pipeline_computer:inst|pipemem:mem_stage|lpm_ram_dq_dram:dram|altsyncram:altsyncram_component|altsyncram_59m1:auto_generated                                         ; work         ;
;          |mux2x32:mem_io_dataout_mux|              ; 32 (32)           ; 0 (0)        ; 0                 ; 0          ; 0    ; 0            ; |pp_computer|pipeline_computer:inst|pipemem:mem_stage|mux2x32:mem_io_dataout_mux                                                                                                  ; work         ;
;       |pipemwreg:mw_reg|                           ; 0 (0)             ; 71 (71)      ; 0                 ; 0          ; 0    ; 0            ; |pp_computer|pipeline_computer:inst|pipemwreg:mw_reg                                                                                                                              ; work         ;
;       |pipepc:prog_cnt|                            ; 7 (0)             ; 32 (0)       ; 0                 ; 0          ; 0    ; 0            ; |pp_computer|pipeline_computer:inst|pipepc:prog_cnt                                                                                                                               ; work         ;
;          |dffe32_pc:next_pc|                       ; 7 (7)             ; 32 (32)      ; 0                 ; 0          ; 0    ; 0            ; |pp_computer|pipeline_computer:inst|pipepc:prog_cnt|dffe32_pc:next_pc                                                                                                             ; work         ;
+----------------------------------------------------+-------------------+--------------+-------------------+------------+------+--------------+-----------------------------------------------------------------------------------------------------------------------------------------------------------------------------------+--------------+
Note: For table entries with two numbers listed, the numbers in parentheses indicate the number of resources of the given type used by the specific entity alone. The numbers listed outside of parentheses indicate the total resources of the given type used by the specific entity and all of its sub-entities in the hierarchy.


+-------------------------------------------------------------------------------------------------------------------------------------------------------------------------------------------------------------------------------------------------------------+
; Analysis & Synthesis RAM Summary                                                                                                                                                                                                                            ;
+-----------------------------------------------------------------------------------------------------------------------------------------+------+-------------+--------------+--------------+--------------+--------------+------+---------------------------+
; Name                                                                                                                                    ; Type ; Mode        ; Port A Depth ; Port A Width ; Port B Depth ; Port B Width ; Size ; MIF                       ;
+-----------------------------------------------------------------------------------------------------------------------------------------+------+-------------+--------------+--------------+--------------+--------------+------+---------------------------+
; pipeline_computer:inst|pipeif:if_stage|lpm_rom_irom:irom|altsyncram:altsyncram_component|altsyncram_l0j1:auto_generated|ALTSYNCRAM      ; AUTO ; ROM         ; 64           ; 32           ; --           ; --           ; 2048 ; ./source/sc_code_test.mif ;
; pipeline_computer:inst|pipemem:mem_stage|lpm_ram_dq_dram:dram|altsyncram:altsyncram_component|altsyncram_59m1:auto_generated|ALTSYNCRAM ; AUTO ; Single Port ; 32           ; 32           ; --           ; --           ; 1024 ; ./source/sc_datamem.mif   ;
+-----------------------------------------------------------------------------------------------------------------------------------------+------+-------------+--------------+--------------+--------------+--------------+------+---------------------------+


+--------------------------------------------------------------------------------------------------------------------------------------------------------------------------------------------------------------------------------+
; Analysis & Synthesis IP Cores Summary                                                                                                                                                                                          ;
+--------+--------------+---------+--------------+--------------+----------------------------------------------------------------------------+-----------------------------------------------------------------------------------+
; Vendor ; IP Core Name ; Version ; Release Date ; License Type ; Entity Instance                                                            ; IP Include File                                                                   ;
+--------+--------------+---------+--------------+--------------+----------------------------------------------------------------------------+-----------------------------------------------------------------------------------+
; Altera ; LPM_ROM      ; N/A     ; N/A          ; N/A          ; |pp_computer|pipeline_computer:inst|pipeif:if_stage|lpm_rom_irom:irom      ; C:/Users/97537/STUDY/Digital_Component_Design/pipeline_computer/lpm_rom_irom.v    ;
; Altera ; LPM_RAM_DQ   ; N/A     ; N/A          ; N/A          ; |pp_computer|pipeline_computer:inst|pipemem:mem_stage|lpm_ram_dq_dram:dram ; C:/Users/97537/STUDY/Digital_Component_Design/pipeline_computer/lpm_ram_dq_dram.v ;
+--------+--------------+---------+--------------+--------------+----------------------------------------------------------------------------+-----------------------------------------------------------------------------------+


+------------------------------------------------------------------------------------------------------------------------------------+
; Registers Removed During Synthesis                                                                                                 ;
+---------------------------------------------------------------------+--------------------------------------------------------------+
; Register name                                                       ; Reason for Removal                                           ;
+---------------------------------------------------------------------+--------------------------------------------------------------+
; pipeline_computer:inst|pipemem:mem_stage|io_mem:io|data_out[10..31] ; Stuck at GND due to stuck port data_in                       ;
; pipeline_computer:inst|pipedereg:de_reg|eimm[16..30]                ; Merged with pipeline_computer:inst|pipedereg:de_reg|eimm[31] ;
; Total Number of Removed Registers = 37                              ;                                                              ;
+---------------------------------------------------------------------+--------------------------------------------------------------+


+------------------------------------------------------+
; General Register Statistics                          ;
+----------------------------------------------+-------+
; Statistic                                    ; Value ;
+----------------------------------------------+-------+
; Total registers                              ; 1422  ;
; Number of registers using Synchronous Clear  ; 1     ;
; Number of registers using Synchronous Load   ; 28    ;
; Number of registers using Asynchronous Clear ; 1359  ;
; Number of registers using Asynchronous Load  ; 0     ;
; Number of registers using Clock Enable       ; 1140  ;
; Number of registers using Preset             ; 0     ;
+----------------------------------------------+-------+


+--------------------------------------------------------------------------+
; Inverted Register Statistics                                             ;
+----------------------------------------------------------------+---------+
; Inverted Register                                              ; Fan out ;
+----------------------------------------------------------------+---------+
; pipeline_computer:inst|pipepc:prog_cnt|dffe32_pc:next_pc|q[2]  ; 2       ;
; pipeline_computer:inst|pipepc:prog_cnt|dffe32_pc:next_pc|q[3]  ; 2       ;
; pipeline_computer:inst|pipepc:prog_cnt|dffe32_pc:next_pc|q[4]  ; 2       ;
; pipeline_computer:inst|pipepc:prog_cnt|dffe32_pc:next_pc|q[5]  ; 2       ;
; pipeline_computer:inst|pipepc:prog_cnt|dffe32_pc:next_pc|q[6]  ; 2       ;
; pipeline_computer:inst|pipepc:prog_cnt|dffe32_pc:next_pc|q[7]  ; 2       ;
; pipeline_computer:inst|pipepc:prog_cnt|dffe32_pc:next_pc|q[11] ; 1       ;
; pipeline_computer:inst|pipepc:prog_cnt|dffe32_pc:next_pc|q[10] ; 1       ;
; pipeline_computer:inst|pipepc:prog_cnt|dffe32_pc:next_pc|q[9]  ; 1       ;
; pipeline_computer:inst|pipepc:prog_cnt|dffe32_pc:next_pc|q[8]  ; 1       ;
; pipeline_computer:inst|pipepc:prog_cnt|dffe32_pc:next_pc|q[16] ; 1       ;
; pipeline_computer:inst|pipepc:prog_cnt|dffe32_pc:next_pc|q[15] ; 1       ;
; pipeline_computer:inst|pipepc:prog_cnt|dffe32_pc:next_pc|q[14] ; 1       ;
; pipeline_computer:inst|pipepc:prog_cnt|dffe32_pc:next_pc|q[13] ; 1       ;
; pipeline_computer:inst|pipepc:prog_cnt|dffe32_pc:next_pc|q[12] ; 1       ;
; pipeline_computer:inst|pipepc:prog_cnt|dffe32_pc:next_pc|q[27] ; 1       ;
; pipeline_computer:inst|pipepc:prog_cnt|dffe32_pc:next_pc|q[17] ; 1       ;
; pipeline_computer:inst|pipepc:prog_cnt|dffe32_pc:next_pc|q[21] ; 1       ;
; pipeline_computer:inst|pipepc:prog_cnt|dffe32_pc:next_pc|q[20] ; 1       ;
; pipeline_computer:inst|pipepc:prog_cnt|dffe32_pc:next_pc|q[19] ; 1       ;
; pipeline_computer:inst|pipepc:prog_cnt|dffe32_pc:next_pc|q[18] ; 1       ;
; pipeline_computer:inst|pipepc:prog_cnt|dffe32_pc:next_pc|q[30] ; 1       ;
; pipeline_computer:inst|pipepc:prog_cnt|dffe32_pc:next_pc|q[29] ; 1       ;
; pipeline_computer:inst|pipepc:prog_cnt|dffe32_pc:next_pc|q[28] ; 1       ;
; pipeline_computer:inst|pipepc:prog_cnt|dffe32_pc:next_pc|q[31] ; 1       ;
; pipeline_computer:inst|pipepc:prog_cnt|dffe32_pc:next_pc|q[26] ; 1       ;
; pipeline_computer:inst|pipepc:prog_cnt|dffe32_pc:next_pc|q[25] ; 1       ;
; pipeline_computer:inst|pipepc:prog_cnt|dffe32_pc:next_pc|q[24] ; 1       ;
; pipeline_computer:inst|pipepc:prog_cnt|dffe32_pc:next_pc|q[23] ; 1       ;
; pipeline_computer:inst|pipepc:prog_cnt|dffe32_pc:next_pc|q[22] ; 1       ;
; Total number of inverted registers = 30                        ;         ;
+----------------------------------------------------------------+---------+


+------------------------------------------------------------------------------------------------------------------------------------------------------------------------------------------------+
; Multiplexer Restructuring Statistics (Restructuring Performed)                                                                                                                                 ;
+--------------------+-----------+---------------+----------------------+------------------------+------------+----------------------------------------------------------------------------------+
; Multiplexer Inputs ; Bus Width ; Baseline Area ; Area if Restructured ; Saving if Restructured ; Registered ; Example Multiplexer Output                                                       ;
+--------------------+-----------+---------------+----------------------+------------------------+------------+----------------------------------------------------------------------------------+
; 4:1                ; 2 bits    ; 4 LEs         ; 4 LEs                ; 0 LEs                  ; Yes        ; |pp_computer|pipeline_computer:inst|pipepc:prog_cnt|dffe32_pc:next_pc|q[1]       ;
; 32:1               ; 5 bits    ; 105 LEs       ; 20 LEs               ; 85 LEs                 ; Yes        ; |pp_computer|pipeline_computer:inst|pipemem:mem_stage|io_mem:io|data_out[0]      ;
; 7:1                ; 5 bits    ; 20 LEs        ; 15 LEs               ; 5 LEs                  ; Yes        ; |pp_computer|pipeline_computer:inst|pipemem:mem_stage|io_mem:io|io_out_led[1]    ;
; 5:1                ; 14 bits   ; 42 LEs        ; 28 LEs               ; 14 LEs                 ; Yes        ; |pp_computer|pipeline_computer:inst|pipemem:mem_stage|io_mem:io|io_out_hex[33]   ;
; 5:1                ; 14 bits   ; 42 LEs        ; 28 LEs               ; 14 LEs                 ; Yes        ; |pp_computer|pipeline_computer:inst|pipemem:mem_stage|io_mem:io|io_out_hex[20]   ;
; 7:1                ; 7 bits    ; 28 LEs        ; 21 LEs               ; 7 LEs                  ; Yes        ; |pp_computer|pipeline_computer:inst|pipemem:mem_stage|io_mem:io|io_out_hex[11]   ;
; 9:1                ; 5 bits    ; 30 LEs        ; 20 LEs               ; 10 LEs                 ; Yes        ; |pp_computer|pipeline_computer:inst|pipemem:mem_stage|io_mem:io|io_out_led[5]    ;
; 9:1                ; 7 bits    ; 42 LEs        ; 28 LEs               ; 14 LEs                 ; Yes        ; |pp_computer|pipeline_computer:inst|pipemem:mem_stage|io_mem:io|io_out_hex[0]    ;
; 4:1                ; 30 bits   ; 60 LEs        ; 60 LEs               ; 0 LEs                  ; Yes        ; |pp_computer|pipeline_computer:inst|pipepc:prog_cnt|dffe32_pc:next_pc|q[4]       ;
; 3:1                ; 14 bits   ; 28 LEs        ; 28 LEs               ; 0 LEs                  ; No         ; |pp_computer|pipeline_computer:inst|pipemem:mem_stage|io_mem:io|Selector22       ;
; 3:1                ; 4 bits    ; 8 LEs         ; 8 LEs                ; 0 LEs                  ; No         ; |pp_computer|pipeline_computer:inst|pipeexe:exe_stage|alu:al_unit|ShiftLeft0     ;
; 3:1                ; 4 bits    ; 8 LEs         ; 8 LEs                ; 0 LEs                  ; No         ; |pp_computer|pipeline_computer:inst|pipeexe:exe_stage|alu:al_unit|ShiftRight0    ;
; 3:1                ; 4 bits    ; 8 LEs         ; 8 LEs                ; 0 LEs                  ; No         ; |pp_computer|pipeline_computer:inst|pipeexe:exe_stage|alu:al_unit|ShiftRight1    ;
; 3:1                ; 2 bits    ; 4 LEs         ; 4 LEs                ; 0 LEs                  ; No         ; |pp_computer|pipeline_computer:inst|pipeexe:exe_stage|alu:al_unit|ShiftRight0    ;
; 3:1                ; 4 bits    ; 8 LEs         ; 8 LEs                ; 0 LEs                  ; No         ; |pp_computer|pipeline_computer:inst|pipeexe:exe_stage|alu:al_unit|ShiftLeft0     ;
; 3:1                ; 2 bits    ; 4 LEs         ; 4 LEs                ; 0 LEs                  ; No         ; |pp_computer|pipeline_computer:inst|pipeid:id_stage|sc_cu:cu|fwdb[1]             ;
; 3:1                ; 2 bits    ; 4 LEs         ; 4 LEs                ; 0 LEs                  ; No         ; |pp_computer|pipeline_computer:inst|pipeid:id_stage|sc_cu:cu|fwda[0]             ;
; 35:1               ; 32 bits   ; 736 LEs       ; 736 LEs              ; 0 LEs                  ; No         ; |pp_computer|pipeline_computer:inst|pipeid:id_stage|mux4x32:alu_b|Mux8           ;
; 35:1               ; 32 bits   ; 736 LEs       ; 736 LEs              ; 0 LEs                  ; No         ; |pp_computer|pipeline_computer:inst|pipeid:id_stage|mux4x32:alu_a|Mux21          ;
; 24:1               ; 7 bits    ; 112 LEs       ; 84 LEs               ; 28 LEs                 ; No         ; |pp_computer|pipeline_computer:inst|pipeexe:exe_stage|mux2x32:e_choose_epc|y[8]  ;
; 25:1               ; 11 bits   ; 176 LEs       ; 132 LEs              ; 44 LEs                 ; No         ; |pp_computer|pipeline_computer:inst|pipeexe:exe_stage|mux2x32:e_choose_epc|y[20] ;
; 25:1               ; 4 bits    ; 64 LEs        ; 48 LEs               ; 16 LEs                 ; No         ; |pp_computer|pipeline_computer:inst|pipeexe:exe_stage|mux2x32:e_choose_epc|y[5]  ;
; 26:1               ; 3 bits    ; 51 LEs        ; 39 LEs               ; 12 LEs                 ; No         ; |pp_computer|pipeline_computer:inst|pipeexe:exe_stage|mux2x32:e_choose_epc|y[3]  ;
; 27:1               ; 3 bits    ; 54 LEs        ; 39 LEs               ; 15 LEs                 ; No         ; |pp_computer|pipeline_computer:inst|pipeexe:exe_stage|mux2x32:e_choose_epc|y[28] ;
+--------------------+-----------+---------------+----------------------+------------------------+------------+----------------------------------------------------------------------------------+


+------------------------------------------------------------------------------------------------------------------------------------------------+
; Source assignments for pipeline_computer:inst|pipeif:if_stage|lpm_rom_irom:irom|altsyncram:altsyncram_component|altsyncram_l0j1:auto_generated ;
+---------------------------------+--------------------+------+----------------------------------------------------------------------------------+
; Assignment                      ; Value              ; From ; To                                                                               ;
+---------------------------------+--------------------+------+----------------------------------------------------------------------------------+
; OPTIMIZE_POWER_DURING_SYNTHESIS ; NORMAL_COMPILATION ; -    ; -                                                                                ;
+---------------------------------+--------------------+------+----------------------------------------------------------------------------------+


+-----------------------------------------------------------------------------------------------------------------------------------------------------+
; Source assignments for pipeline_computer:inst|pipemem:mem_stage|lpm_ram_dq_dram:dram|altsyncram:altsyncram_component|altsyncram_59m1:auto_generated ;
+---------------------------------+--------------------+------+---------------------------------------------------------------------------------------+
; Assignment                      ; Value              ; From ; To                                                                                    ;
+---------------------------------+--------------------+------+---------------------------------------------------------------------------------------+
; OPTIMIZE_POWER_DURING_SYNTHESIS ; NORMAL_COMPILATION ; -    ; -                                                                                     ;
+---------------------------------+--------------------+------+---------------------------------------------------------------------------------------+


+---------------------------------------------------------------------------------------------------------------------------------------+
; Parameter Settings for User Entity Instance: pipeline_computer:inst|pipeif:if_stage|lpm_rom_irom:irom|altsyncram:altsyncram_component ;
+------------------------------------+---------------------------+----------------------------------------------------------------------+
; Parameter Name                     ; Value                     ; Type                                                                 ;
+------------------------------------+---------------------------+----------------------------------------------------------------------+
; BYTE_SIZE_BLOCK                    ; 8                         ; Untyped                                                              ;
; AUTO_CARRY_CHAINS                  ; ON                        ; AUTO_CARRY                                                           ;
; IGNORE_CARRY_BUFFERS               ; OFF                       ; IGNORE_CARRY                                                         ;
; AUTO_CASCADE_CHAINS                ; ON                        ; AUTO_CASCADE                                                         ;
; IGNORE_CASCADE_BUFFERS             ; OFF                       ; IGNORE_CASCADE                                                       ;
; WIDTH_BYTEENA                      ; 1                         ; Untyped                                                              ;
; OPERATION_MODE                     ; ROM                       ; Untyped                                                              ;
; WIDTH_A                            ; 32                        ; Signed Integer                                                       ;
; WIDTHAD_A                          ; 6                         ; Signed Integer                                                       ;
; NUMWORDS_A                         ; 64                        ; Signed Integer                                                       ;
; OUTDATA_REG_A                      ; UNREGISTERED              ; Untyped                                                              ;
; ADDRESS_ACLR_A                     ; NONE                      ; Untyped                                                              ;
; OUTDATA_ACLR_A                     ; NONE                      ; Untyped                                                              ;
; WRCONTROL_ACLR_A                   ; NONE                      ; Untyped                                                              ;
; INDATA_ACLR_A                      ; NONE                      ; Untyped                                                              ;
; BYTEENA_ACLR_A                     ; NONE                      ; Untyped                                                              ;
; WIDTH_B                            ; 1                         ; Untyped                                                              ;
; WIDTHAD_B                          ; 1                         ; Untyped                                                              ;
; NUMWORDS_B                         ; 1                         ; Untyped                                                              ;
; INDATA_REG_B                       ; CLOCK1                    ; Untyped                                                              ;
; WRCONTROL_WRADDRESS_REG_B          ; CLOCK1                    ; Untyped                                                              ;
; RDCONTROL_REG_B                    ; CLOCK1                    ; Untyped                                                              ;
; ADDRESS_REG_B                      ; CLOCK1                    ; Untyped                                                              ;
; OUTDATA_REG_B                      ; UNREGISTERED              ; Untyped                                                              ;
; BYTEENA_REG_B                      ; CLOCK1                    ; Untyped                                                              ;
; INDATA_ACLR_B                      ; NONE                      ; Untyped                                                              ;
; WRCONTROL_ACLR_B                   ; NONE                      ; Untyped                                                              ;
; ADDRESS_ACLR_B                     ; NONE                      ; Untyped                                                              ;
; OUTDATA_ACLR_B                     ; NONE                      ; Untyped                                                              ;
; RDCONTROL_ACLR_B                   ; NONE                      ; Untyped                                                              ;
; BYTEENA_ACLR_B                     ; NONE                      ; Untyped                                                              ;
; WIDTH_BYTEENA_A                    ; 1                         ; Signed Integer                                                       ;
; WIDTH_BYTEENA_B                    ; 1                         ; Untyped                                                              ;
; RAM_BLOCK_TYPE                     ; M4K                       ; Untyped                                                              ;
; BYTE_SIZE                          ; 8                         ; Untyped                                                              ;
; READ_DURING_WRITE_MODE_MIXED_PORTS ; DONT_CARE                 ; Untyped                                                              ;
; READ_DURING_WRITE_MODE_PORT_A      ; NEW_DATA_NO_NBE_READ      ; Untyped                                                              ;
; READ_DURING_WRITE_MODE_PORT_B      ; NEW_DATA_NO_NBE_READ      ; Untyped                                                              ;
; INIT_FILE                          ; ./source/sc_code_test.mif ; Untyped                                                              ;
; INIT_FILE_LAYOUT                   ; PORT_A                    ; Untyped                                                              ;
; MAXIMUM_DEPTH                      ; 256                       ; Signed Integer                                                       ;
; CLOCK_ENABLE_INPUT_A               ; BYPASS                    ; Untyped                                                              ;
; CLOCK_ENABLE_INPUT_B               ; NORMAL                    ; Untyped                                                              ;
; CLOCK_ENABLE_OUTPUT_A              ; BYPASS                    ; Untyped                                                              ;
; CLOCK_ENABLE_OUTPUT_B              ; NORMAL                    ; Untyped                                                              ;
; CLOCK_ENABLE_CORE_A                ; USE_INPUT_CLKEN           ; Untyped                                                              ;
; CLOCK_ENABLE_CORE_B                ; USE_INPUT_CLKEN           ; Untyped                                                              ;
; ENABLE_ECC                         ; FALSE                     ; Untyped                                                              ;
; ECC_PIPELINE_STAGE_ENABLED         ; FALSE                     ; Untyped                                                              ;
; WIDTH_ECCSTATUS                    ; 3                         ; Untyped                                                              ;
; DEVICE_FAMILY                      ; Cyclone V                 ; Untyped                                                              ;
; CBXI_PARAMETER                     ; altsyncram_l0j1           ; Untyped                                                              ;
+------------------------------------+---------------------------+----------------------------------------------------------------------+
Note: In order to hide this table in the UI and the text report file, please set the "Show Parameter Settings in Synthesis Report" option in "Analysis and Synthesis Settings -> More Settings" to "Off".


+--------------------------------------------------------------------------------------------------------------------------------------------+
; Parameter Settings for User Entity Instance: pipeline_computer:inst|pipemem:mem_stage|lpm_ram_dq_dram:dram|altsyncram:altsyncram_component ;
+------------------------------------+-------------------------+-----------------------------------------------------------------------------+
; Parameter Name                     ; Value                   ; Type                                                                        ;
+------------------------------------+-------------------------+-----------------------------------------------------------------------------+
; BYTE_SIZE_BLOCK                    ; 8                       ; Untyped                                                                     ;
; AUTO_CARRY_CHAINS                  ; ON                      ; AUTO_CARRY                                                                  ;
; IGNORE_CARRY_BUFFERS               ; OFF                     ; IGNORE_CARRY                                                                ;
; AUTO_CASCADE_CHAINS                ; ON                      ; AUTO_CASCADE                                                                ;
; IGNORE_CASCADE_BUFFERS             ; OFF                     ; IGNORE_CASCADE                                                              ;
; WIDTH_BYTEENA                      ; 1                       ; Untyped                                                                     ;
; OPERATION_MODE                     ; SINGLE_PORT             ; Untyped                                                                     ;
; WIDTH_A                            ; 32                      ; Signed Integer                                                              ;
; WIDTHAD_A                          ; 5                       ; Signed Integer                                                              ;
; NUMWORDS_A                         ; 32                      ; Signed Integer                                                              ;
; OUTDATA_REG_A                      ; UNREGISTERED            ; Untyped                                                                     ;
; ADDRESS_ACLR_A                     ; NONE                    ; Untyped                                                                     ;
; OUTDATA_ACLR_A                     ; NONE                    ; Untyped                                                                     ;
; WRCONTROL_ACLR_A                   ; NONE                    ; Untyped                                                                     ;
; INDATA_ACLR_A                      ; NONE                    ; Untyped                                                                     ;
; BYTEENA_ACLR_A                     ; NONE                    ; Untyped                                                                     ;
; WIDTH_B                            ; 1                       ; Untyped                                                                     ;
; WIDTHAD_B                          ; 1                       ; Untyped                                                                     ;
; NUMWORDS_B                         ; 1                       ; Untyped                                                                     ;
; INDATA_REG_B                       ; CLOCK1                  ; Untyped                                                                     ;
; WRCONTROL_WRADDRESS_REG_B          ; CLOCK1                  ; Untyped                                                                     ;
; RDCONTROL_REG_B                    ; CLOCK1                  ; Untyped                                                                     ;
; ADDRESS_REG_B                      ; CLOCK1                  ; Untyped                                                                     ;
; OUTDATA_REG_B                      ; UNREGISTERED            ; Untyped                                                                     ;
; BYTEENA_REG_B                      ; CLOCK1                  ; Untyped                                                                     ;
; INDATA_ACLR_B                      ; NONE                    ; Untyped                                                                     ;
; WRCONTROL_ACLR_B                   ; NONE                    ; Untyped                                                                     ;
; ADDRESS_ACLR_B                     ; NONE                    ; Untyped                                                                     ;
; OUTDATA_ACLR_B                     ; NONE                    ; Untyped                                                                     ;
; RDCONTROL_ACLR_B                   ; NONE                    ; Untyped                                                                     ;
; BYTEENA_ACLR_B                     ; NONE                    ; Untyped                                                                     ;
; WIDTH_BYTEENA_A                    ; 1                       ; Signed Integer                                                              ;
; WIDTH_BYTEENA_B                    ; 1                       ; Untyped                                                                     ;
; RAM_BLOCK_TYPE                     ; M4K                     ; Untyped                                                                     ;
; BYTE_SIZE                          ; 8                       ; Untyped                                                                     ;
; READ_DURING_WRITE_MODE_MIXED_PORTS ; DONT_CARE               ; Untyped                                                                     ;
; READ_DURING_WRITE_MODE_PORT_A      ; NEW_DATA_NO_NBE_READ    ; Untyped                                                                     ;
; READ_DURING_WRITE_MODE_PORT_B      ; NEW_DATA_NO_NBE_READ    ; Untyped                                                                     ;
; INIT_FILE                          ; ./source/sc_datamem.mif ; Untyped                                                                     ;
; INIT_FILE_LAYOUT                   ; PORT_A                  ; Untyped                                                                     ;
; MAXIMUM_DEPTH                      ; 0                       ; Untyped                                                                     ;
; CLOCK_ENABLE_INPUT_A               ; BYPASS                  ; Untyped                                                                     ;
; CLOCK_ENABLE_INPUT_B               ; NORMAL                  ; Untyped                                                                     ;
; CLOCK_ENABLE_OUTPUT_A              ; BYPASS                  ; Untyped                                                                     ;
; CLOCK_ENABLE_OUTPUT_B              ; NORMAL                  ; Untyped                                                                     ;
; CLOCK_ENABLE_CORE_A                ; USE_INPUT_CLKEN         ; Untyped                                                                     ;
; CLOCK_ENABLE_CORE_B                ; USE_INPUT_CLKEN         ; Untyped                                                                     ;
; ENABLE_ECC                         ; FALSE                   ; Untyped                                                                     ;
; ECC_PIPELINE_STAGE_ENABLED         ; FALSE                   ; Untyped                                                                     ;
; WIDTH_ECCSTATUS                    ; 3                       ; Untyped                                                                     ;
; DEVICE_FAMILY                      ; Cyclone V               ; Untyped                                                                     ;
; CBXI_PARAMETER                     ; altsyncram_59m1         ; Untyped                                                                     ;
+------------------------------------+-------------------------+-----------------------------------------------------------------------------+
Note: In order to hide this table in the UI and the text report file, please set the "Show Parameter Settings in Synthesis Report" option in "Analysis and Synthesis Settings -> More Settings" to "Off".


+---------------------------------------------------------------------------------------------------------------------------------------+
; Parameter Settings for Inferred Entity Instance: pipeline_computer:inst|pipemem:mem_stage|io_mem:io|twodigits:hex_two|lpm_divide:Div0 ;
+------------------------+----------------+---------------------------------------------------------------------------------------------+
; Parameter Name         ; Value          ; Type                                                                                        ;
+------------------------+----------------+---------------------------------------------------------------------------------------------+
; LPM_WIDTHN             ; 7              ; Untyped                                                                                     ;
; LPM_WIDTHD             ; 4              ; Untyped                                                                                     ;
; LPM_NREPRESENTATION    ; UNSIGNED       ; Untyped                                                                                     ;
; LPM_DREPRESENTATION    ; UNSIGNED       ; Untyped                                                                                     ;
; LPM_PIPELINE           ; 0              ; Untyped                                                                                     ;
; LPM_REMAINDERPOSITIVE  ; TRUE           ; Untyped                                                                                     ;
; MAXIMIZE_SPEED         ; 5              ; Untyped                                                                                     ;
; CBXI_PARAMETER         ; lpm_divide_4am ; Untyped                                                                                     ;
; CARRY_CHAIN            ; MANUAL         ; Untyped                                                                                     ;
; OPTIMIZE_FOR_SPEED     ; 5              ; Untyped                                                                                     ;
; AUTO_CARRY_CHAINS      ; ON             ; AUTO_CARRY                                                                                  ;
; IGNORE_CARRY_BUFFERS   ; OFF            ; IGNORE_CARRY                                                                                ;
; AUTO_CASCADE_CHAINS    ; ON             ; AUTO_CASCADE                                                                                ;
; IGNORE_CASCADE_BUFFERS ; OFF            ; IGNORE_CASCADE                                                                              ;
+------------------------+----------------+---------------------------------------------------------------------------------------------+
Note: In order to hide this table in the UI and the text report file, please set the "Show Parameter Settings in Synthesis Report" option in "Analysis and Synthesis Settings -> More Settings" to "Off".


+-------------------------------------------------------------------------------------------------------------------------------------------+
; altsyncram Parameter Settings by Entity Instance                                                                                          ;
+-------------------------------------------+-----------------------------------------------------------------------------------------------+
; Name                                      ; Value                                                                                         ;
+-------------------------------------------+-----------------------------------------------------------------------------------------------+
; Number of entity instances                ; 2                                                                                             ;
; Entity Instance                           ; pipeline_computer:inst|pipeif:if_stage|lpm_rom_irom:irom|altsyncram:altsyncram_component      ;
;     -- OPERATION_MODE                     ; ROM                                                                                           ;
;     -- WIDTH_A                            ; 32                                                                                            ;
;     -- NUMWORDS_A                         ; 64                                                                                            ;
;     -- OUTDATA_REG_A                      ; UNREGISTERED                                                                                  ;
;     -- WIDTH_B                            ; 1                                                                                             ;
;     -- NUMWORDS_B                         ; 1                                                                                             ;
;     -- ADDRESS_REG_B                      ; CLOCK1                                                                                        ;
;     -- OUTDATA_REG_B                      ; UNREGISTERED                                                                                  ;
;     -- RAM_BLOCK_TYPE                     ; M4K                                                                                           ;
;     -- READ_DURING_WRITE_MODE_MIXED_PORTS ; DONT_CARE                                                                                     ;
; Entity Instance                           ; pipeline_computer:inst|pipemem:mem_stage|lpm_ram_dq_dram:dram|altsyncram:altsyncram_component ;
;     -- OPERATION_MODE                     ; SINGLE_PORT                                                                                   ;
;     -- WIDTH_A                            ; 32                                                                                            ;
;     -- NUMWORDS_A                         ; 32                                                                                            ;
;     -- OUTDATA_REG_A                      ; UNREGISTERED                                                                                  ;
;     -- WIDTH_B                            ; 1                                                                                             ;
;     -- NUMWORDS_B                         ; 1                                                                                             ;
;     -- ADDRESS_REG_B                      ; CLOCK1                                                                                        ;
;     -- OUTDATA_REG_B                      ; UNREGISTERED                                                                                  ;
;     -- RAM_BLOCK_TYPE                     ; M4K                                                                                           ;
;     -- READ_DURING_WRITE_MODE_MIXED_PORTS ; DONT_CARE                                                                                     ;
+-------------------------------------------+-----------------------------------------------------------------------------------------------+


+----------------------------------------------------------------------------------------------------------------+
; Port Connectivity Checks: "pipeline_computer:inst|pipeexe:exe_stage|alu:al_unit"                               ;
+------+--------+----------+-------------------------------------------------------------------------------------+
; Port ; Type   ; Severity ; Details                                                                             ;
+------+--------+----------+-------------------------------------------------------------------------------------+
; z    ; Output ; Info     ; Connected to dangling logic. Logic that only feeds a dangling port will be removed. ;
+------+--------+----------+-------------------------------------------------------------------------------------+


+--------------------------------------------------------------------------------------+
; Port Connectivity Checks: "pipeline_computer:inst|pipeexe:exe_stage|mux2x32:e_alu_a" ;
+-----------+-------+----------+-------------------------------------------------------+
; Port      ; Type  ; Severity ; Details                                               ;
+-----------+-------+----------+-------------------------------------------------------+
; a1[31..5] ; Input ; Info     ; Stuck at GND                                          ;
+-----------+-------+----------+-------------------------------------------------------+


+-------------------------------+
; Elapsed Time Per Partition    ;
+----------------+--------------+
; Partition Name ; Elapsed Time ;
+----------------+--------------+
; Top            ; 00:00:09     ;
+----------------+--------------+


+-------------------------------+
; Analysis & Synthesis Messages ;
+-------------------------------+
Info: *******************************************************************
Info: Running Quartus II 64-Bit Analysis & Synthesis
    Info: Version 13.1.0 Build 162 10/23/2013 SJ Web Edition
    Info: Processing started: Mon Jun 21 23:25:40 2021
Info: Command: quartus_map --read_settings_files=on --write_settings_files=off pipeline_computer -c pipeline_computer
Info (11104): Parallel Compilation has detected 8 hyper-threaded processors. However, the extra hyper-threaded processors will not be used by default. Parallel Compilation will use 4 of the 4 physical processors detected instead.
Info (12021): Found 1 design units, including 1 entities, in source file pipeline_computer.v
    Info (12023): Found entity 1: pipeline_computer
Info (12021): Found 1 design units, including 1 entities, in source file pipepc.v
    Info (12023): Found entity 1: pipepc
Info (12021): Found 1 design units, including 1 entities, in source file pipeif.v
    Info (12023): Found entity 1: pipeif
Info (12021): Found 1 design units, including 1 entities, in source file mux4x32.v
    Info (12023): Found entity 1: mux4x32
Info (12021): Found 1 design units, including 1 entities, in source file mux2x32.v
    Info (12023): Found entity 1: mux2x32
Info (12021): Found 1 design units, including 1 entities, in source file cla32.v
    Info (12023): Found entity 1: cla32
Info (12021): Found 1 design units, including 1 entities, in source file lpm_rom_irom.v
    Info (12023): Found entity 1: lpm_rom_irom
Info (12021): Found 1 design units, including 1 entities, in source file lpm_ram_dq_dram.v
    Info (12023): Found entity 1: lpm_ram_dq_dram
Info (12021): Found 1 design units, including 1 entities, in source file pipeir.v
    Info (12023): Found entity 1: pipeir
Info (12021): Found 1 design units, including 1 entities, in source file dffe32.v
    Info (12023): Found entity 1: dffe32
Info (12021): Found 1 design units, including 1 entities, in source file pipeid.v
    Info (12023): Found entity 1: pipeid
Info (12021): Found 1 design units, including 1 entities, in source file sc_cu.v
    Info (12023): Found entity 1: sc_cu
Info (12021): Found 1 design units, including 1 entities, in source file pipedereg.v
    Info (12023): Found entity 1: pipedereg
Info (12021): Found 1 design units, including 1 entities, in source file pipeexe.v
    Info (12023): Found entity 1: pipeexe
Info (12021): Found 1 design units, including 1 entities, in source file alu.v
    Info (12023): Found entity 1: alu
Info (12021): Found 1 design units, including 1 entities, in source file pipeemreg.v
    Info (12023): Found entity 1: pipeemreg
Info (12021): Found 1 design units, including 1 entities, in source file pipemem.v
    Info (12023): Found entity 1: pipemem
Info (12021): Found 1 design units, including 1 entities, in source file io_mem.v
    Info (12023): Found entity 1: io_mem
Info (12021): Found 1 design units, including 1 entities, in source file pipemwreg.v
    Info (12023): Found entity 1: pipemwreg
Info (12021): Found 1 design units, including 1 entities, in source file regfile.v
    Info (12023): Found entity 1: regfile
Info (12021): Found 1 design units, including 1 entities, in source file sevenseg.v
    Info (12023): Found entity 1: sevenseg
Info (12021): Found 1 design units, including 1 entities, in source file twodigits.v
    Info (12023): Found entity 1: twodigits
Info (12021): Found 1 design units, including 1 entities, in source file mux2x5.v
    Info (12023): Found entity 1: mux2x5
Info (12021): Found 1 design units, including 1 entities, in source file clock_and_mem_clock.v
    Info (12023): Found entity 1: clock_and_mem_clock
Info (12021): Found 1 design units, including 1 entities, in source file pp_computer.bdf
    Info (12023): Found entity 1: pp_computer
Info (12021): Found 1 design units, including 1 entities, in source file pipeline_computer_sim.v
    Info (12023): Found entity 1: pipelined_computer_sim
Info (12021): Found 1 design units, including 1 entities, in source file dffe32_pc.v
    Info (12023): Found entity 1: dffe32_pc
Warning (10227): Verilog HDL Port Declaration warning at sevenseg.v(4): data type declaration for "ledsegments" declares packed dimensions but the port declaration declaration does not
Info (10499): HDL info at sevenseg.v(3): see declaration for object "ledsegments"
Info (12127): Elaborating entity "pp_computer" for the top level hierarchy
Info (12128): Elaborating entity "pipeline_computer" for hierarchy "pipeline_computer:inst"
Info (12128): Elaborating entity "pipepc" for hierarchy "pipeline_computer:inst|pipepc:prog_cnt"
Info (12128): Elaborating entity "dffe32_pc" for hierarchy "pipeline_computer:inst|pipepc:prog_cnt|dffe32_pc:next_pc"
Info (12128): Elaborating entity "pipeif" for hierarchy "pipeline_computer:inst|pipeif:if_stage"
Info (12128): Elaborating entity "mux4x32" for hierarchy "pipeline_computer:inst|pipeif:if_stage|mux4x32:selectnewpc"
Info (12128): Elaborating entity "lpm_rom_irom" for hierarchy "pipeline_computer:inst|pipeif:if_stage|lpm_rom_irom:irom"
Info (12128): Elaborating entity "altsyncram" for hierarchy "pipeline_computer:inst|pipeif:if_stage|lpm_rom_irom:irom|altsyncram:altsyncram_component"
Info (12130): Elaborated megafunction instantiation "pipeline_computer:inst|pipeif:if_stage|lpm_rom_irom:irom|altsyncram:altsyncram_component"
Info (12133): Instantiated megafunction "pipeline_computer:inst|pipeif:if_stage|lpm_rom_irom:irom|altsyncram:altsyncram_component" with the following parameter:
    Info (12134): Parameter "clock_enable_input_a" = "BYPASS"
    Info (12134): Parameter "clock_enable_output_a" = "BYPASS"
    Info (12134): Parameter "init_file" = "./source/sc_code_test.mif"
    Info (12134): Parameter "intended_device_family" = "Cyclone II"
    Info (12134): Parameter "lpm_hint" = "ENABLE_RUNTIME_MOD=NO"
    Info (12134): Parameter "lpm_type" = "altsyncram"
    Info (12134): Parameter "maximum_depth" = "256"
    Info (12134): Parameter "numwords_a" = "64"
    Info (12134): Parameter "operation_mode" = "ROM"
    Info (12134): Parameter "outdata_aclr_a" = "NONE"
    Info (12134): Parameter "outdata_reg_a" = "UNREGISTERED"
    Info (12134): Parameter "ram_block_type" = "M4K"
    Info (12134): Parameter "widthad_a" = "6"
    Info (12134): Parameter "width_a" = "32"
    Info (12134): Parameter "width_byteena_a" = "1"
Warning (287001): Assertion warning: Device family Cyclone V does not have M4K blocks -- using available memory blocks
Info (12021): Found 1 design units, including 1 entities, in source file db/altsyncram_l0j1.tdf
    Info (12023): Found entity 1: altsyncram_l0j1
Info (12128): Elaborating entity "altsyncram_l0j1" for hierarchy "pipeline_computer:inst|pipeif:if_stage|lpm_rom_irom:irom|altsyncram:altsyncram_component|altsyncram_l0j1:auto_generated"
Info (12128): Elaborating entity "pipeir" for hierarchy "pipeline_computer:inst|pipeir:inst_reg"
Info (12128): Elaborating entity "dffe32" for hierarchy "pipeline_computer:inst|pipeir:inst_reg|dffe32:pc_plus4"
Info (12128): Elaborating entity "pipeid" for hierarchy "pipeline_computer:inst|pipeid:id_stage"
Info (12128): Elaborating entity "sc_cu" for hierarchy "pipeline_computer:inst|pipeid:id_stage|sc_cu:cu"
Info (12128): Elaborating entity "regfile" for hierarchy "pipeline_computer:inst|pipeid:id_stage|regfile:regf"
Info (12128): Elaborating entity "mux2x5" for hierarchy "pipeline_computer:inst|pipeid:id_stage|mux2x5:rd_rt"
Info (12128): Elaborating entity "pipedereg" for hierarchy "pipeline_computer:inst|pipedereg:de_reg"
Info (12128): Elaborating entity "pipeexe" for hierarchy "pipeline_computer:inst|pipeexe:exe_stage"
Info (12128): Elaborating entity "mux2x32" for hierarchy "pipeline_computer:inst|pipeexe:exe_stage|mux2x32:e_alu_a"
Info (12128): Elaborating entity "alu" for hierarchy "pipeline_computer:inst|pipeexe:exe_stage|alu:al_unit"
Warning (10240): Verilog HDL Always Construct warning at alu.v(14): inferring latch(es) for variable "c", which holds its previous value in one or more paths through the always construct
Warning (10240): Verilog HDL Always Construct warning at alu.v(14): inferring latch(es) for variable "i", which holds its previous value in one or more paths through the always construct
Info (12128): Elaborating entity "pipeemreg" for hierarchy "pipeline_computer:inst|pipeemreg:em_reg"
Info (12128): Elaborating entity "pipemem" for hierarchy "pipeline_computer:inst|pipemem:mem_stage"
Info (12128): Elaborating entity "lpm_ram_dq_dram" for hierarchy "pipeline_computer:inst|pipemem:mem_stage|lpm_ram_dq_dram:dram"
Info (12128): Elaborating entity "altsyncram" for hierarchy "pipeline_computer:inst|pipemem:mem_stage|lpm_ram_dq_dram:dram|altsyncram:altsyncram_component"
Info (12130): Elaborated megafunction instantiation "pipeline_computer:inst|pipemem:mem_stage|lpm_ram_dq_dram:dram|altsyncram:altsyncram_component"
Info (12133): Instantiated megafunction "pipeline_computer:inst|pipemem:mem_stage|lpm_ram_dq_dram:dram|altsyncram:altsyncram_component" with the following parameter:
    Info (12134): Parameter "clock_enable_input_a" = "BYPASS"
    Info (12134): Parameter "clock_enable_output_a" = "BYPASS"
    Info (12134): Parameter "init_file" = "./source/sc_datamem.mif"
    Info (12134): Parameter "intended_device_family" = "Cyclone II"
    Info (12134): Parameter "lpm_hint" = "ENABLE_RUNTIME_MOD=NO"
    Info (12134): Parameter "lpm_type" = "altsyncram"
    Info (12134): Parameter "numwords_a" = "32"
    Info (12134): Parameter "operation_mode" = "SINGLE_PORT"
    Info (12134): Parameter "outdata_aclr_a" = "NONE"
    Info (12134): Parameter "outdata_reg_a" = "UNREGISTERED"
    Info (12134): Parameter "power_up_uninitialized" = "FALSE"
    Info (12134): Parameter "ram_block_type" = "M4K"
    Info (12134): Parameter "widthad_a" = "5"
    Info (12134): Parameter "width_a" = "32"
    Info (12134): Parameter "width_byteena_a" = "1"
Warning (287001): Assertion warning: Device family Cyclone V does not have M4K blocks -- using available memory blocks
Info (12021): Found 1 design units, including 1 entities, in source file db/altsyncram_59m1.tdf
    Info (12023): Found entity 1: altsyncram_59m1
Info (12128): Elaborating entity "altsyncram_59m1" for hierarchy "pipeline_computer:inst|pipemem:mem_stage|lpm_ram_dq_dram:dram|altsyncram:altsyncram_component|altsyncram_59m1:auto_generated"
Info (12128): Elaborating entity "io_mem" for hierarchy "pipeline_computer:inst|pipemem:mem_stage|io_mem:io"
Info (12128): Elaborating entity "twodigits" for hierarchy "pipeline_computer:inst|pipemem:mem_stage|io_mem:io|twodigits:hex_two"
Warning (10230): Verilog HDL assignment warning at twodigits.v(14): truncated value with size 32 to match size of target (4)
Warning (10230): Verilog HDL assignment warning at twodigits.v(15): truncated value with size 32 to match size of target (4)
Info (12128): Elaborating entity "sevenseg" for hierarchy "pipeline_computer:inst|pipemem:mem_stage|io_mem:io|twodigits:hex_two|sevenseg:led0"
Info (12128): Elaborating entity "pipemwreg" for hierarchy "pipeline_computer:inst|pipemwreg:mw_reg"
Info (12128): Elaborating entity "clock_and_mem_clock" for hierarchy "clock_and_mem_clock:inst1"
Info (278001): Inferred 1 megafunctions from design logic
    Info (278004): Inferred divider/modulo megafunction ("lpm_divide") from the following logic: "pipeline_computer:inst|pipemem:mem_stage|io_mem:io|twodigits:hex_two|Div0"
Info (12130): Elaborated megafunction instantiation "pipeline_computer:inst|pipemem:mem_stage|io_mem:io|twodigits:hex_two|lpm_divide:Div0"
Info (12133): Instantiated megafunction "pipeline_computer:inst|pipemem:mem_stage|io_mem:io|twodigits:hex_two|lpm_divide:Div0" with the following parameter:
    Info (12134): Parameter "LPM_WIDTHN" = "7"
    Info (12134): Parameter "LPM_WIDTHD" = "4"
    Info (12134): Parameter "LPM_NREPRESENTATION" = "UNSIGNED"
    Info (12134): Parameter "LPM_DREPRESENTATION" = "UNSIGNED"
Info (12021): Found 1 design units, including 1 entities, in source file db/lpm_divide_4am.tdf
    Info (12023): Found entity 1: lpm_divide_4am
Info (12021): Found 1 design units, including 1 entities, in source file db/sign_div_unsign_akh.tdf
    Info (12023): Found entity 1: sign_div_unsign_akh
Info (12021): Found 1 design units, including 1 entities, in source file db/alt_u_div_qse.tdf
    Info (12023): Found entity 1: alt_u_div_qse
Info (286030): Timing-Driven Synthesis is running
Info (16010): Generating hard_block partition "hard_block:auto_generated_inst"
    Info (16011): Adding 0 node(s), including 0 DDIO, 0 PLL, 0 transceiver and 0 LCELL
Info (21057): Implemented 4332 device resources after synthesis - the final resource count might be different
    Info (21058): Implemented 12 input pins
    Info (21059): Implemented 52 output pins
    Info (21061): Implemented 4204 logic cells
    Info (21064): Implemented 64 RAM segments
Info: Quartus II 64-Bit Analysis & Synthesis was successful. 0 errors, 7 warnings
    Info: Peak virtual memory: 4748 megabytes
    Info: Processing ended: Mon Jun 21 23:25:52 2021
    Info: Elapsed time: 00:00:12
    Info: Total CPU time (on all processors): 00:00:13


